<?xml version="1.0" encoding="UTF-8"?>
<!-- Generated by org.testng.reporters.JUnitReportReporter -->
<testsuite hostname="VIDYA-PC" name="test.LoginTest" tests="1" failures="0" timestamp="25 Apr 2021 07:21:15 GMT" time="5.693" errors="0">
  <testcase name="login" time="5.693" classname="test.LoginTest"/>
</testsuite> <!-- test.LoginTest -->
