<?xml version="1.0" encoding="UTF-8"?>
<!-- Generated by org.testng.reporters.JUnitReportReporter -->
<testsuite hostname="VIDYA-PC" name="test.HomeTest" tests="1" failures="0" timestamp="22 Apr 2021 08:39:00 GMT" time="15.904" errors="0">
  <testcase name="Home" time="15.904" classname="test.HomeTest"/>
</testsuite> <!-- test.HomeTest -->
