<?xml version="1.0" encoding="UTF-8"?>
<!-- Generated by org.testng.reporters.JUnitReportReporter -->
<testsuite hostname="VIDYA-PC" name="test.LoginTest" tests="1" failures="0" timestamp="22 Apr 2021 03:10:13 GMT" time="4.961" errors="0">
  <testcase name="login" time="4.961" classname="test.LoginTest"/>
</testsuite> <!-- test.LoginTest -->
